<?xml version="1.0" encoding="UTF-8"?>
<testsuite xmlns:xsi="http://www.w3.org/2001/XMLSchema-instance" xsi:noNamespaceSchemaLocation="https://maven.apache.org/surefire/maven-surefire-plugin/xsd/surefire-test-report-3.0.xsd" version="3.0" name="com.mv.MvApplicationTests" time="4.909" tests="1" errors="0" skipped="0" failures="0">
  <properties>
[...]
</properties>
  <testcase name="contextLoads" classname="com.mv.MvApplicationTests" time="0.473">
    <system-out><![CDATA[02:25:56.313 [main] INFO org.springframework.test.context.support.AnnotationConfigContextLoaderUtils -- Could not detect default configuration classes for test class [com.mv.MvApplicationTests]: MvApplicationTests does not declare any static, non-private, non-final, nested classes annotated with @Configuration.
02:25:56.404 [main] INFO org.springframework.boot.test.context.SpringBootTestContextBootstrapper -- Found @SpringBootConfiguration com.mv.MvApplication for test class com.mv.MvApplicationTests
02:25:56.564 [main] INFO org.springframework.boot.devtools.restart.RestartApplicationListener -- Restart disabled due to context in which it is running

  .   ____          _            __ _ _
 /\\ / ___'_ __ _ _(_)_ __  __ _ \ \ \ \
( ( )\___ | '_ | '_| | '_ \/ _` | \ \ \ \
 \\/  ___)| |_)| | | | | || (_| |  ) ) ) )
  '  |____| .__|_| |_|_| |_\__, | / / / /
 =========|_|==============|___/=/_/_/_/
 :: Spring Boot ::                (v3.1.5)

2023-11-21T02:25:56.785-03:00  INFO 18864 --- [           main] com.mv.MvApplicationTests                : Starting MvApplicationTests using Java 17.0.9 with PID 18864 (started by Gustavo in E:\Code\mv\backend)
2023-11-21T02:25:56.787-03:00  INFO 18864 --- [           main] com.mv.MvApplicationTests                : No active profile set, falling back to 1 default profile: "default"
2023-11-21T02:25:57.401-03:00  INFO 18864 --- [           main] .s.d.r.c.RepositoryConfigurationDelegate : Bootstrapping Spring Data JPA repositories in DEFAULT mode.
2023-11-21T02:25:57.465-03:00  INFO 18864 --- [           main] .s.d.r.c.RepositoryConfigurationDelegate : Finished Spring Data repository scanning in 55 ms. Found 4 JPA repository interfaces.
2023-11-21T02:25:57.916-03:00  INFO 18864 --- [           main] o.hibernate.jpa.internal.util.LogHelper  : HHH000204: Processing PersistenceUnitInfo [name: default]
2023-11-21T02:25:57.963-03:00  INFO 18864 --- [           main] org.hibernate.Version                    : HHH000412: Hibernate ORM core version 6.2.13.Final
2023-11-21T02:25:57.965-03:00  INFO 18864 --- [           main] org.hibernate.cfg.Environment            : HHH000406: Using bytecode reflection optimizer
2023-11-21T02:25:58.270-03:00  INFO 18864 --- [           main] o.s.o.j.p.SpringPersistenceUnitInfo      : No LoadTimeWeaver setup: ignoring JPA class transformer
2023-11-21T02:25:58.295-03:00  INFO 18864 --- [           main] com.zaxxer.hikari.HikariDataSource       : HikariPool-1 - Starting...
2023-11-21T02:25:58.634-03:00  INFO 18864 --- [           main] com.zaxxer.hikari.pool.HikariPool        : HikariPool-1 - Added connection oracle.jdbc.driver.T4CConnection@71bb8b34
2023-11-21T02:25:58.636-03:00  INFO 18864 --- [           main] com.zaxxer.hikari.HikariDataSource       : HikariPool-1 - Start completed.
2023-11-21T02:25:59.570-03:00  INFO 18864 --- [           main] o.h.e.t.j.p.i.JtaPlatformInitiator       : HHH000489: No JTA platform available (set 'hibernate.transaction.jta.platform' to enable JTA platform integration)
Hibernate: drop table tb_coffee_day cascade constraints
Hibernate: drop table tb_item_assignment cascade constraints
Hibernate: drop table tb_item_option cascade constraints
Hibernate: drop table tb_user cascade constraints
Hibernate: create table tb_coffee_day (coffee_date date not null, coffee_day_id number(19,0) generated as identity, primary key (coffee_day_id))
Hibernate: create table tb_item_assignment (has_brought_item number(1,0) default 0 check (has_brought_item in (0,1)), coffee_day_id number(19,0), id_user number(19,0), item_assignment_id number(19,0) generated as identity, item_id number(19,0), primary key (item_assignment_id))
Hibernate: create table tb_item_option (item_option_id number(19,0) generated as identity, item varchar2(255 char) not null, primary key (item_option_id))
Hibernate: create table tb_user (user_id number(19,0) generated as identity, cpf varchar2(11 char) not null unique, name varchar2(255 char) not null unique, primary key (user_id))
Hibernate: alter table tb_item_assignment add constraint FKhcq1l2d5ls0inauwr8pv0m842 foreign key (coffee_day_id) references tb_coffee_day
Hibernate: alter table tb_item_assignment add constraint FKbqluqwsbo606eis7lguwc7on1 foreign key (item_id) references tb_item_option
Hibernate: alter table tb_item_assignment add constraint FKa5772b85oe7c8n43aq4gipmuo foreign key (id_user) references tb_user
2023-11-21T02:25:59.712-03:00  INFO 18864 --- [           main] j.LocalContainerEntityManagerFactoryBean : Initialized JPA EntityManagerFactory for persistence unit 'default'
2023-11-21T02:25:59.984-03:00  INFO 18864 --- [           main] o.s.d.j.r.query.QueryEnhancerFactory     : Hibernate is in classpath; If applicable, HQL parser will be used.
2023-11-21T02:26:00.287-03:00  WARN 18864 --- [           main] JpaBaseConfiguration$JpaWebConfiguration : spring.jpa.open-in-view is enabled by default. Therefore, database queries may be performed during view rendering. Explicitly configure spring.jpa.open-in-view to disable this warning
2023-11-21T02:26:00.603-03:00  INFO 18864 --- [           main] com.mv.MvApplicationTests                : Started MvApplicationTests in 4.053 seconds (process running for 4.86)
]]></system-out>
  </testcase>
</testsuite>